Detecting C [-std=c11] compiler features failed to compile with the following output:
Change Dir: /home/dani/ariac_ws/src/ARIAC_Robotics/rwa4_group_2/build/CMakeFiles/CMakeTmp

Run Build Command:"/usr/bin/make" "cmTC_7e253/fast"
/usr/bin/make -f CMakeFiles/cmTC_7e253.dir/build.make CMakeFiles/cmTC_7e253.dir/build
make[1]: Entering directory '/home/dani/ariac_ws/src/ARIAC_Robotics/rwa4_group_2/build/CMakeFiles/CMakeTmp'
Building C object CMakeFiles/cmTC_7e253.dir/feature_tests.c.o
/usr/bin/c99-gcc   -std=c11 -o CMakeFiles/cmTC_7e253.dir/feature_tests.c.o   -c /home/dani/ariac_ws/src/ARIAC_Robotics/rwa4_group_2/build/CMakeFiles/feature_tests.c
c99-gcc called with non ISO C99 option -std=c11
CMakeFiles/cmTC_7e253.dir/build.make:65: recipe for target 'CMakeFiles/cmTC_7e253.dir/feature_tests.c.o' failed
make[1]: *** [CMakeFiles/cmTC_7e253.dir/feature_tests.c.o] Error 1
make[1]: Leaving directory '/home/dani/ariac_ws/src/ARIAC_Robotics/rwa4_group_2/build/CMakeFiles/CMakeTmp'
Makefile:126: recipe for target 'cmTC_7e253/fast' failed
make: *** [cmTC_7e253/fast] Error 2



Determining if the pthread_create exist failed with the following output:
Change Dir: /home/dani/ariac_ws/src/ARIAC_Robotics/rwa4_group_2/build/CMakeFiles/CMakeTmp

Run Build Command:"/usr/bin/make" "cmTC_c9b0e/fast"
/usr/bin/make -f CMakeFiles/cmTC_c9b0e.dir/build.make CMakeFiles/cmTC_c9b0e.dir/build
make[1]: Entering directory '/home/dani/ariac_ws/src/ARIAC_Robotics/rwa4_group_2/build/CMakeFiles/CMakeTmp'
Building C object CMakeFiles/cmTC_c9b0e.dir/CheckSymbolExists.c.o
/usr/bin/c99-gcc    -o CMakeFiles/cmTC_c9b0e.dir/CheckSymbolExists.c.o   -c /home/dani/ariac_ws/src/ARIAC_Robotics/rwa4_group_2/build/CMakeFiles/CMakeTmp/CheckSymbolExists.c
Linking C executable cmTC_c9b0e
/usr/bin/cmake -E cmake_link_script CMakeFiles/cmTC_c9b0e.dir/link.txt --verbose=1
/usr/bin/c99-gcc      -rdynamic CMakeFiles/cmTC_c9b0e.dir/CheckSymbolExists.c.o  -o cmTC_c9b0e 
CMakeFiles/cmTC_c9b0e.dir/CheckSymbolExists.c.o: In function `main':
CheckSymbolExists.c:(.text+0x1b): undefined reference to `pthread_create'
collect2: error: ld returned 1 exit status
CMakeFiles/cmTC_c9b0e.dir/build.make:97: recipe for target 'cmTC_c9b0e' failed
make[1]: *** [cmTC_c9b0e] Error 1
make[1]: Leaving directory '/home/dani/ariac_ws/src/ARIAC_Robotics/rwa4_group_2/build/CMakeFiles/CMakeTmp'
Makefile:126: recipe for target 'cmTC_c9b0e/fast' failed
make: *** [cmTC_c9b0e/fast] Error 2

File /home/dani/ariac_ws/src/ARIAC_Robotics/rwa4_group_2/build/CMakeFiles/CMakeTmp/CheckSymbolExists.c:
/* */
#include <pthread.h>

int main(int argc, char** argv)
{
  (void)argv;
#ifndef pthread_create
  return ((int*)(&pthread_create))[argc];
#else
  (void)argc;
  return 0;
#endif
}

Determining if the function pthread_create exists in the pthreads failed with the following output:
Change Dir: /home/dani/ariac_ws/src/ARIAC_Robotics/rwa4_group_2/build/CMakeFiles/CMakeTmp

Run Build Command:"/usr/bin/make" "cmTC_58d43/fast"
/usr/bin/make -f CMakeFiles/cmTC_58d43.dir/build.make CMakeFiles/cmTC_58d43.dir/build
make[1]: Entering directory '/home/dani/ariac_ws/src/ARIAC_Robotics/rwa4_group_2/build/CMakeFiles/CMakeTmp'
Building C object CMakeFiles/cmTC_58d43.dir/CheckFunctionExists.c.o
/usr/bin/c99-gcc   -DCHECK_FUNCTION_EXISTS=pthread_create   -o CMakeFiles/cmTC_58d43.dir/CheckFunctionExists.c.o   -c /usr/share/cmake-3.10/Modules/CheckFunctionExists.c
Linking C executable cmTC_58d43
/usr/bin/cmake -E cmake_link_script CMakeFiles/cmTC_58d43.dir/link.txt --verbose=1
/usr/bin/c99-gcc  -DCHECK_FUNCTION_EXISTS=pthread_create    -rdynamic CMakeFiles/cmTC_58d43.dir/CheckFunctionExists.c.o  -o cmTC_58d43 -lpthreads 
/usr/bin/ld: cannot find -lpthreads
collect2: error: ld returned 1 exit status
CMakeFiles/cmTC_58d43.dir/build.make:97: recipe for target 'cmTC_58d43' failed
make[1]: *** [cmTC_58d43] Error 1
make[1]: Leaving directory '/home/dani/ariac_ws/src/ARIAC_Robotics/rwa4_group_2/build/CMakeFiles/CMakeTmp'
Makefile:126: recipe for target 'cmTC_58d43/fast' failed
make: *** [cmTC_58d43/fast] Error 2


